<?xml version="1.0" encoding="UTF-8"?>
<!-- Generated by org.testng.reporters.JUnitReportReporter -->
<testsuite hostname="LAPTOP-KC6V0NPL" failures="0" tests="2" name="test.WikiPediaTest" time="2.004" errors="0" timestamp="2022-11-25T00:11:14 IST" skipped="0">
  <testcase classname="test.WikiPediaTest" name="rel" time="1.928"/>
  <system-out/>
  <testcase classname="test.WikiPediaTest" name="date" time="0.076"/>
  <system-out/>
</testsuite> <!-- test.WikiPediaTest -->
